./.git/COMMIT_EDITMSG
./.git/logs/HEAD
./.git/logs/refs/remotes/origin/HEAD
./.git/logs/refs/remotes/origin/project01
./.git/logs/refs/heads/master
./.git/logs/refs/heads/project01
./.git/HEAD
./.git/index
./.git/refs/remotes/origin/HEAD
./.git/refs/remotes/origin/project01
./.git/refs/heads/master
./.git/refs/heads/project01
./.git/hooks/pre-receive.sample
./.git/hooks/prepare-commit-msg.sample
./.git/hooks/applypatch-msg.sample
./.git/hooks/update.sample
./.git/hooks/pre-applypatch.sample
./.git/hooks/post-update.sample
./.git/hooks/pre-rebase.sample
./.git/hooks/pre-push.sample
./.git/hooks/fsmonitor-watchman.sample
./.git/hooks/pre-commit.sample
./.git/hooks/commit-msg.sample
./.git/description
./.git/packed-refs
./.git/config
./.git/objects/e0/229f3dad30e959e18a4826ea7882baff968c26
./.git/objects/e6/9de29bb2d1d6434b8b29ae775ad8c2e48c5391
./.git/objects/e4/3b258bb1071ca8e1088f88f523bbc19ed0792e
./.git/objects/30/3035a2a94ca48430c917b1774e39db111eb347
./.git/objects/30/ba114163548b165111df373e34dfbd77f307c8
./.git/objects/37/76f4b06cf38139333f728d66832c9c782dc214
./.git/objects/af/7ae885abcc8b2ed4bdf372212ced9ca7167e68
./.git/objects/2c/000a66e091b02069368fb881de826d0e51cde1
./.git/objects/ed/c138f4054e1f5995fc9a44304f08a9e4dfbee4
./.git/objects/86/6b613dc1b9f9bbebff467b184413aeadf71b79
./.git/objects/f5/060d732d8999684ada8499e6c7209dd6c6d7f2
./.git/objects/31/f8bc4b25885d18ed3d5699baaa9c7c3a2b2c2c
./.git/objects/f8/7e6cbcbd38f87ce4fb53d865b4fd4b70d42d91
./.git/objects/ad/5389810614203c65b43e481fe864d97e164224
./.git/objects/9d/363554ae3eefa504521800658624fa07087d49
./.git/objects/63/cf3a350df4b2a0e02cb6ee9b42b76cfafc03af
./.git/objects/a2/0d9cd526236482a5f648f3f8ba91804396e371
./.git/objects/9c/e17c4f335228ddfdc02173d476ae0560e3e4d0
./.git/objects/aa/dc07184412b681293432af263ba0637cd30739
./.git/objects/1f/ebbc928e28fffb1b9e8b0c431cd7af08a9aa21
./.git/objects/85/2298a47a8ceb8f25d605964574d02910f95d2a
./.git/objects/58/8eefa1d68fbef34a39b9ec2a037bdf8b6e82d6
./.git/objects/72/9f5d7119513de57c72f14d7cdb3482574a019e
./.git/objects/6f/10f5a2b3c8ce393a423a3d83e792516d5b3e66
./.git/objects/62/467eeb86bad6508f6bd972fb4c25ea0131a417
./.git/objects/24/1fbe2bc907a986d76755aac5924abb9db0fe5e
./.git/objects/24/72d1dd515867efb2ef7d732c277c45f646ee33
./.git/objects/32/e38d5275a7d74a91ee4fdc99cc3fa89638200b
./.git/objects/d1/813cfb239f9cb743e7efdcd5098322d39510c9
./.git/objects/a6/75db199d03e19462dcf89632a8352e3373e539
./.git/objects/3a/ed6bcecbbbe3726ed28bf6c020ffde6ca3e5e6
./.git/objects/8c/5997471d755364291e00f5b6a27a09a077b115
./.git/objects/43/3407ab2420ec8ad205aa0fcb17ae6a528f0307
./.git/objects/28/4cdb03b06e4fbb3b7a2025913aad9ce0ed251f
./.git/objects/db/e234f1c02b59c092403e331389bef1df0c7a47
./.git/objects/c4/b3fa76eb0d008d7486c8f87614b2e7674992cc
./.git/objects/ea/0f215fae55ba19a811d8881b3d5c232b5827cb
./.git/objects/ca/493689506834e614f9d3b8120575b480182d2f
./.git/objects/7e/48f2682ace29cf4c1c6df13badea85226075ae
./.git/info/exclude
./fixme.log
./README.md
./Project01/f2
./Project01/fixme.log
./Project01/README.md
